{
  "RSpec": {
    "coverage": {
      "/Users/ldwha/Turing/3_mod/epeolatry_back_end/app/services/book_service.rb": {
        "lines": [
          1,
          null,
          1,
          2,
          null,
          2,
          null,
          2,
          null,
          null,
          1,
          null,
          1,
          2,
          2,
          null,
          null,
          null
        ]
      },
      "/Users/ldwha/Turing/3_mod/epeolatry_back_end/app/models/word.rb": {
        "lines": [
          0,
          0
        ],
        "branches": {
        }
      },
      "/Users/ldwha/Turing/3_mod/epeolatry_back_end/app/models/book.rb": {
        "lines": [
          0,
          0
        ],
        "branches": {
        }
      },
      "/Users/ldwha/Turing/3_mod/epeolatry_back_end/app/models/application_record.rb": {
        "lines": [
          0,
          0,
          0
        ],
        "branches": {
        }
      },
      "/Users/ldwha/Turing/3_mod/epeolatry_back_end/app/poros/book.rb": {
        "lines": [
          0,
          null,
          0
        ],
        "branches": {
        }
      },
      "/Users/ldwha/Turing/3_mod/epeolatry_back_end/app/controllers/application_controller.rb": {
        "lines": [
          0,
          0
        ],
        "branches": {
        }
      }
    },
    "timestamp": 1627511258
  }
}
