{
  "RSpec": {
    "coverage": {
      "/Users/alexferencz/turing/3_mod/projects/logosaur_back_end/app/facades/word_facade.rb": {
        "lines": [
          1,
          null,
          1,
          1,
          null,
          1,
          null,
          null,
          null,
          null,
          null,
          null
        ]
      },
      "/Users/alexferencz/turing/3_mod/projects/logosaur_back_end/app/services/word_service.rb": {
        "lines": [
          1,
          1,
          2,
          2,
          null,
          null,
          1,
          2,
          null,
          null
        ]
      },
      "/Users/alexferencz/turing/3_mod/projects/logosaur_back_end/app/models/word.rb": {
        "lines": [
          1,
          null
        ]
      },
      "/Users/alexferencz/turing/3_mod/projects/logosaur_back_end/app/models/application_record.rb": {
        "lines": [
          1,
          1,
          null
        ]
      },
      "/Users/alexferencz/turing/3_mod/projects/logosaur_back_end/app/models/book.rb": {
        "lines": [
          0,
          0
        ],
        "branches": {
        }
      },
      "/Users/alexferencz/turing/3_mod/projects/logosaur_back_end/app/poros/word.rb": {
        "lines": [
          0,
          0,
          null,
          0,
          0,
          0,
          0,
          0,
          0,
          0,
          null,
          0
        ],
        "branches": {
        }
      },
      "/Users/alexferencz/turing/3_mod/projects/logosaur_back_end/app/poros/book.rb": {
        "lines": [
          0,
          null,
          0
        ],
        "branches": {
        }
      },
      "/Users/alexferencz/turing/3_mod/projects/logosaur_back_end/app/controllers/application_controller.rb": {
        "lines": [
          0,
          0
        ],
        "branches": {
        }
      },
      "/Users/alexferencz/turing/3_mod/projects/logosaur_back_end/app/services/book_service.rb": {
        "lines": [

        ],
        "branches": {
        }
      }
    },
    "timestamp": 1627526067
  }
}
